Removed Pin From Net: NetName=GND Pin=J2-1
Removed Pin From Net: NetName=NetC1_1 Pin=J3-1
Removed Pin From Net: NetName=NetC1_1 Pin=J3-2
Removed Pin From Net: NetName=GND Pin=R4-1
Removed Pin From Net: NetName=NetC1_1 Pin=U1-3
Removed Pin From Net: NetName=NetQ1_2 Pin=U2-6
Change Component Footprint: Designator=J3 Old Footprint=02PIN HEADERS New Footprint=03PIN HEADERS
Change Component Footprint: Designator=Q3 Old Footprint=FAIR-TO-92 New Footprint=TO92254P460H750-3
Change Component Footprint: Designator=Q1 Old Footprint=ONSC-TO-92-3-29-11 New Footprint=TO92254P460H750-3
Change Component Comment : Designator=Q2 Old Comment=BC557A New Comment=P2N2222AG
Change Component Comment : Designator=Q1 Old Comment=P2N2222AG New Comment=BC557A
Change Component Comment : Designator=J3 Old Comment=Shunt Res New Comment=C2937625
Change Component Designator: OldDesignator=J4 NewDesignator=J5
Change Component Designator: OldDesignator=J5 NewDesignator=J6
Change Component Designator: OldDesignator=J6 NewDesignator=J7
Change Component Designator: OldDesignator=J7 NewDesignator=J8
Change Component Designator: OldDesignator=J8 NewDesignator=J9
Change Component Designator: OldDesignator=J9 NewDesignator=J10
Change Component Designator: OldDesignator=J10 NewDesignator=J11
Change Component Designator: OldDesignator=J11 NewDesignator=J12
Change Component Designator: OldDesignator=J12 NewDesignator=J13
Change Component Designator: OldDesignator=J13 NewDesignator=J14
Change Component Designator: OldDesignator=J14 NewDesignator=J15
Change Component Designator: OldDesignator=J15 NewDesignator=J16
Change Component Designator: OldDesignator=J16 NewDesignator=J17
Change Component Designator: OldDesignator=J17 NewDesignator=J18
Change Component Designator: OldDesignator=J18 NewDesignator=J19
Change Component Designator: OldDesignator=J19 NewDesignator=J20
Change Component Designator: OldDesignator=J20 NewDesignator=J21
Change Component Designator: OldDesignator=R6 NewDesignator=R5
Change Component Designator: OldDesignator=R7 NewDesignator=R6
Change Component Designator: OldDesignator=R8 NewDesignator=R7
Change Component Designator: OldDesignator=R9 NewDesignator=R8
Change Component Designator: OldDesignator=R10 NewDesignator=R9
Change Component Designator: OldDesignator=R11 NewDesignator=R10
Change Managed Component Library Link : Designator=Q1 Old VaultGUID=B7D15EC3-160A-466F-A46C-7801FE6295A7 New VaultGUID= Old ItemGUID=9B9154A5-5C8F-4C86-A0F6-D8EC07BE7CC1 New ItemGUID= Old RevisionGUID=ACB96CE9-4255-4598-AC60-16DCD6B086C4 New RevisionGUID=
Change Managed Component Library Link : Designator=Q3 Old VaultGUID=B7D15EC3-160A-466F-A46C-7801FE6295A7 New VaultGUID= Old ItemGUID=D82A9182-C512-49AD-90DF-5A1BBDA60F70 New ItemGUID= Old RevisionGUID=6EAAE616-8D62-4941-9E44-EB706EA21933 New RevisionGUID=
Change component parameters: Designator = "J3" ("J3"); Footprint = "02PIN HEADERS"; UniqueID = "\UGNUXSDY" ("\UGNUXSDY")
Change component parameters (AddParameter): Name = "Availability"; Value = "Unavailable"; VariantName = "[No Variations]"
Change component parameters (AddParameter): Name = "LCSC"; Value = "C2937625"; VariantName = "[No Variations]"
Change component parameters (AddParameter): Name = "MF"; Value = ""; VariantName = "[No Variations]"
Change component parameters (AddParameter): Name = "MP"; Value = "61300311121"; VariantName = "[No Variations]"
Change component parameters (AddParameter): Name = "Package"; Value = "None"; VariantName = "[No Variations]"
Change component parameters (AddParameter): Name = "Price"; Value = "None"; VariantName = "[No Variations]"
Change component parameters: Designator = "Q1" ("Q1"); Footprint = "ONSC-TO-92-3-29-11"; UniqueID = "\AFIEARDB" ("\AFIEARDB")
Change component parameters (AddParameter): Name = "Check_prices"; Value = "https://www.snapeda.com/parts/BC557A/Diotec/view-part/?ref=eda"; VariantName = "[No Variations]"
Change component parameters (AddParameter): Name = "LCSC"; Value = "C900807"; VariantName = "[No Variations]"
Change component parameters (AddParameter): Name = "MF"; Value = "Diotec Semiconductor"; VariantName = "[No Variations]"
Change component parameters (AddParameter): Name = "MP"; Value = "BC557A"; VariantName = "[No Variations]"
Change component parameters (AddParameter): Name = "Package"; Value = "TO-92 Diotec"; VariantName = "[No Variations]"
Change component parameters (AddParameter): Name = "SnapEDA_Link"; Value = "https://www.snapeda.com/parts/BC557A/Diotec/view-part/?ref=snap"; VariantName = "[No Variations]"
Change component parameters (AddParameter): Name = "Value"; Value = ""; VariantName = "[No Variations]"
Change component parameters: Designator = "Q2" ("Q2"); Footprint = "TO92254P460H750-3"; UniqueID = "\XWAPXUAH" ("\XWAPXUAH")
Change component parameters: Designator = "Q3" ("Q3"); Footprint = "FAIR-TO-92"; UniqueID = "\BPAIGHDD" ("\BPAIGHDD")
Added Component: Designator=J4(02PIN HEADERS)
Add component (AddParameter): Name = "Copyright"; Value = "Copyright (C) 2025 Ultra Librarian. All rights reserved."; VariantName = "[No Variations]"
Add component (AddParameter): Name = "LCSC"; Value = "C6025575"; VariantName = "[No Variations]"
Add component (AddParameter): Name = "Manufacturer_Name"; Value = "Molex Connector Corporation"; VariantName = "[No Variations]"
Add component (AddParameter): Name = "Manufacturer_Part_Number"; Value = "22284025"; VariantName = "[No Variations]"
Add component (AddParameter): Name = "RefDes"; Value = "RefDes"; VariantName = "[No Variations]"
Add component (AddParameter): Name = "Type"; Value = "Type"; VariantName = "[No Variations]"
Added Pin To Net: NetName=NetD1_1 Pin=J2-1
Added Pin To Net: NetName=GND Pin=J4-1
Added Pin To Net: NetName=GND Pin=J4-2
Added Pin To Net: NetName=NetJ7_1 Pin=U2-6
Change Net Name : Old Net Name=NetJ6_1 New Net Name=NetJ7_1
Change Net Name : Old Net Name=NetJ6_2 New Net Name=NetJ7_2
Change Net Name : Old Net Name=NetJ7_1 New Net Name=NetJ8_1
Change Net Name : Old Net Name=NetJ8_2 New Net Name=NetJ9_2
Change Net Name : Old Net Name=NetJ8_4 New Net Name=NetJ9_4
Change Net Name : Old Net Name=NetJ13_3 New Net Name=NetJ14_3
Change Net Name : Old Net Name=NetJ15_2 New Net Name=NetJ16_2
Change Net Name : Old Net Name=NetJ16_2 New Net Name=NetJ17_2
Change Net Name : Old Net Name=NetJ19_1 New Net Name=NetJ20_1
Change Net Name : Old Net Name=NetR7_1 New Net Name=NetR6_1
Change Net Name : Old Net Name=NetR9_2 New Net Name=NetR8_2
Added Pin To Net: NetName=NetJ3_1 Pin=J3-1
Added Pin To Net: NetName=NetJ3_1 Pin=J3-2
Added Pin To Net: NetName=NetJ3_1 Pin=J3-3
Added Pin To Net: NetName=NetJ3_1 Pin=U1-3
Added Net: Name=NetJ3_1
Added Pin To Net: NetName=NetJ10_1 Pin=J10-1
Added Pin To Net: NetName=NetJ10_1 Pin=J10-2
Added Pin To Net: NetName=NetJ10_1 Pin=R4-1
Added Net: Name=NetJ10_1
Added Pin To Net: NetName=NetR5_1 Pin=R5-1
Added Pin To Net: NetName=NetR5_1 Pin=U2-3
Added Net: Name=NetR5_1
