Removed Pin From Net: NetName=NetR1_1 Pin=R2-1
Removed Pin From Net: NetName=NetJ1_1 Pin=U1-1
Removed Pin From Net: NetName=NetD1_1 Pin=U1-2
Removed Pin From Net: NetName=NetJ1_1 Pin=U1-3
Removed Pin From Net: NetName=-VCC Pin=U1-4
Removed Pin From Net: NetName=NetD1_1 Pin=U2-1
Removed Pin From Net: NetName=NetR1_1 Pin=U2-2
Removed Pin From Net: NetName=NetC1_1 Pin=U2-3
Removed Pin From Net: NetName=NetQ1_2 Pin=U3-1
Removed Pin From Net: NetName=NetJ7_1 Pin=U3-2
Removed Pin From Net: NetName=NetJ6_2 Pin=U3-3
Removed Pin From Net: NetName=NetJ8_4 Pin=U4-1
Removed Pin From Net: NetName=NetR7_1 Pin=U4-3
Removed Pin From Net: NetName=NetC11_2 Pin=U5-1
Removed Pin From Net: NetName=NetJ16_2 Pin=U5-2
Removed Pin From Net: NetName=NetJ19_1 Pin=U5-3
Removed Pin From Net: NetName=-VCC Pin=U5-4
Removed Pin From Net: NetName=+VCC Pin=U5-8
Removed Pin From Net: NetName=NetQ3_2 Pin=U6-1
Removed Pin From Net: NetName=GND Pin=U6-2
Removed Pin From Net: NetName=NetJ8_4 Pin=U6-3
Removed Pin From Net: NetName=-VCC Pin=U6-4
Removed Pin From Net: NetName=+VCC Pin=U6-8
Removed Pin From Net: NetName=NetJ8_2 Pin=U7-1
Removed Pin From Net: NetName=NetR9_2 Pin=U7-2
Removed Pin From Net: NetName=NetQ3_3 Pin=U7-3
Removed Pin From Net: NetName=-VCC Pin=U7-4
Removed Pin From Net: NetName=+VCC Pin=U7-8
Removed Pin From Net: NetName=NetJ6_2 Pin=U8-1
Removed Pin From Net: NetName=NetJ6_1 Pin=U8-2
Removed Pin From Net: NetName=NetR5_2 Pin=U8-3
Removed Pin From Net: NetName=-VCC Pin=U8-4
Removed Pin From Net: NetName=+VCC Pin=U8-8
Change Component Footprint: Designator=U1 Old Footprint=ADI-N-8 New Footprint=TL072CP
Change Component Footprint: Designator=U2 Old Footprint=ADI-N-8 New Footprint=TL072CP
Change Component Footprint: Designator=U3 Old Footprint=ADI-N-8 New Footprint=TL072CP
Change Component Footprint: Designator=U4 Old Footprint=ADI-N-8 New Footprint=TL072CP
Change Component Comment : Designator=U1 Old Comment=AD826ANZ New Comment=TL072CP
Change Component Comment : Designator=U2 Old Comment=AD826ANZ New Comment=TL072CP
Change Component Comment : Designator=U3 Old Comment=AD826ANZ New Comment=TL072CP
Change Component Comment : Designator=U4 Old Comment=AD826ANZ New Comment=TL072CP
Change Managed Component Library Link : Designator=U1 Old VaultGUID=B7D15EC3-160A-466F-A46C-7801FE6295A7 New VaultGUID= Old ItemGUID=DAB72C14-2191-47FF-BC56-DF25D53E6984 New ItemGUID= Old RevisionGUID=4D4F0120-F09F-418F-AD9D-26381C4A782E New RevisionGUID=
Change Managed Component Library Link : Designator=U2 Old VaultGUID=B7D15EC3-160A-466F-A46C-7801FE6295A7 New VaultGUID= Old ItemGUID=DAB72C14-2191-47FF-BC56-DF25D53E6984 New ItemGUID= Old RevisionGUID=4D4F0120-F09F-418F-AD9D-26381C4A782E New RevisionGUID=
Change Managed Component Library Link : Designator=U3 Old VaultGUID=B7D15EC3-160A-466F-A46C-7801FE6295A7 New VaultGUID= Old ItemGUID=DAB72C14-2191-47FF-BC56-DF25D53E6984 New ItemGUID= Old RevisionGUID=4D4F0120-F09F-418F-AD9D-26381C4A782E New RevisionGUID=
Change Managed Component Library Link : Designator=U4 Old VaultGUID=B7D15EC3-160A-466F-A46C-7801FE6295A7 New VaultGUID= Old ItemGUID=DAB72C14-2191-47FF-BC56-DF25D53E6984 New ItemGUID= Old RevisionGUID=4D4F0120-F09F-418F-AD9D-26381C4A782E New RevisionGUID=
Change component parameters: Designator = "U1" ("U1"); Footprint = "ADI-N-8"; UniqueID = "\IWYUCZLD" ("\IWYUCZLD")
Change component parameters (AddParameter): Name = "LCSC"; Value = "C7236"; VariantName = "[No Variations]"
Change component parameters: Designator = "U2" ("U2"); Footprint = "ADI-N-8"; UniqueID = "\GZXOTIOS" ("\GZXOTIOS")
Change component parameters (AddParameter): Name = "LCSC"; Value = "C7236"; VariantName = "[No Variations]"
Change component parameters: Designator = "U3" ("U3"); Footprint = "ADI-N-8"; UniqueID = "\QOHTEGDN" ("\QOHTEGDN")
Change component parameters (AddParameter): Name = "LCSC"; Value = "C7236"; VariantName = "[No Variations]"
Change component parameters: Designator = "U4" ("U4"); Footprint = "ADI-N-8"; UniqueID = "\WNBYFOYW" ("\WNBYFOYW")
Change component parameters (AddParameter): Name = "LCSC"; Value = "C7236"; VariantName = "[No Variations]"
Added Pin To Net: NetName=NetD1_1 Pin=U1-1
Added Pin To Net: NetName=NetC1_1 Pin=U1-3
Added Pin To Net: NetName=+VCC Pin=U1-4
Added Pin To Net: NetName=NetD1_1 Pin=U1-5
Added Pin To Net: NetName=NetJ1_1 Pin=U1-6
Added Pin To Net: NetName=NetJ6_2 Pin=U2-1
Added Pin To Net: NetName=NetJ6_1 Pin=U2-2
Added Pin To Net: NetName=NetR5_2 Pin=U2-3
Added Pin To Net: NetName=NetJ6_2 Pin=U2-5
Added Pin To Net: NetName=NetQ1_2 Pin=U2-6
Added Pin To Net: NetName=NetQ1_2 Pin=U2-7
Added Pin To Net: NetName=NetJ8_4 Pin=U3-1
Added Pin To Net: NetName=GND Pin=U3-2
Added Pin To Net: NetName=NetR7_1 Pin=U3-3
Added Pin To Net: NetName=NetJ19_1 Pin=U3-5
Added Pin To Net: NetName=NetJ16_2 Pin=U3-6
Added Pin To Net: NetName=NetC11_2 Pin=U3-7
Added Pin To Net: NetName=NetQ3_2 Pin=U4-1
Added Pin To Net: NetName=NetJ8_4 Pin=U4-3
Added Pin To Net: NetName=NetQ3_3 Pin=U4-5
Added Pin To Net: NetName=NetR9_2 Pin=U4-6
Added Pin To Net: NetName=NetJ8_2 Pin=U4-7
Added Pin To Net: NetName=NetR2_1 Pin=R2-1
Added Pin To Net: NetName=NetR2_1 Pin=U1-2
Added Net: Name=NetR2_1
